build/app/outputs/mapping/release/seeds.txt
com.wbk.wincoremobile.MainActivity: MainActivity()
com.wbk.wincoremobile.MainActivity
...
com.google.android.gms.common.internal.TelemetryData: android.os.Parcelable$Creator CREATOR
androidx.vectordrawable.graphics.drawable.VectorDrawableCompat$VFullPath: void setTrimPathStart(float)
com.google.android.material.bottomappbar.BottomAppBar$Behavior: BottomAppBar$Behavior(android.content.Context,android.util.AttributeSet)
com.google.android.gms.internal.firebase-auth-api.zzij
androidx.recyclerview.widget.RecyclerView: boolean dispatchNestedScroll(int,int,int,int,int[])
io.flutter.embedding.engine.FlutterJNI: void loadDartDeferredLibrary(int,java.lang.String[])
com.google.firebase.installations.remote.TokenResult$ResponseCode: com.google.firebase.installations.remote.TokenResult$ResponseCode[] values()
com.google.android.material.floatingactionbutton.FloatingActionButton: void setCompatPressedTranslationZResource(int)
com.google.android.material.textfield.TextInputLayout: void setErrorTextColor(android.content.res.ColorStateList)
com.google.android.material.card.MaterialCardView: int getContentPaddingTop()
androidx.core.content.ContextCompat$Api23Impl: java.lang.Object getSystemService(android.content.Context,java.lang.Class)
io.flutter.plugin.editing.ImeSyncDeferringInsetsCallback: boolean access$302(io.flutter.plugin.editing.ImeSyncDeferringInsetsCallback,boolean)
io.flutter.plugins.firebase.core.FlutterFirebaseCoreRegistrar: FlutterFirebaseCoreRegistrar()
com.google.android.material.internal.NavigationMenuItemView: void setIconSize(int)
androidx.appcompat.widget.ContentFrameLayout: android.util.TypedValue getFixedWidthMajor()
androidx.recyclerview.widget.RecyclerView: void processAdapterUpdatesAndSetAnimationFlags()
com.google.android.gms.dynamite.descriptors.com.google.android.gms.measurement.dynamite.ModuleDescriptor: java.lang.String MODULE_ID
com.google.android.material.textfield.TextInputLayout: void setHintTextColor(android.content.res.ColorStateList)
io.flutter.embedding.engine.systemchannels.TextInputChannel$TextCapitalization: io.flutter.embedding.engine.systemchannels.TextInputChannel$TextCapitalization[] values()
com.google.android.gms.internal.measurement.zzgh: double zzk
com.google.android.material.floatingactionbutton.FloatingActionButton: void setShadowPaddingEnabled(boolean)
io.flutter.embedding.engine.renderer.SurfaceTextureWrapper: android.graphics.SurfaceTexture surfaceTexture
com.google.android.material.floatingactionbutton.FloatingActionButton: void setRippleColor(android.content.res.ColorStateList)
androidx.appcompat.widget.SearchView: void setQueryHint(java.lang.CharSequence)
com.google.android.material.floatingactionbutton.FloatingActionButton: void setShowMotionSpecResource(int)
com.google.protobuf.FieldType$Collection: com.google.protobuf.FieldType$Collection valueOf(java.lang.String)
io.flutter.embedding.engine.FlutterJNI: void onRenderingStopped()
com.google.android.gms.internal.firebase-auth-api.zziw: int zze
com.google.android.material.internal.ForegroundLinearLayout: ForegroundLinearLayout(android.content.Context,android.util.AttributeSet)
io.flutter.plugin.editing.ImeSyncDeferringInsetsCallback: android.view.View access$600(io.flutter.plugin.editing.ImeSyncDeferringInsetsCallback)
com.google.android.material.transformation.FabTransformationSheetBehavior
com.google.android.material.textfield.TextInputLayout: void setError(java.lang.CharSequence)
com.google.android.material.circularreveal.CircularRevealFrameLayout: int getCircularRevealScrimColor()
androidx.appcompat.widget.LinearLayoutCompat: void setGravity(int)
com.google.android.material.chip.Chip
io.flutter.embedding.engine.FlutterJNI: boolean getIsSoftwareRenderingEnabled()
com.google.android.gms.internal.firebase-auth-api.zzfu: int zze
androidx.lifecycle.ReportFragment$LifecycleCallbacks: void onActivitySaveInstanceState(android.app.Activity,android.os.Bundle)
com.google.android.material.chip.Chip: void setMinLines(int)
com.google.android.gms.internal.measurement.zzfy: java.lang.String zzY