build/app/outputs/mapping/release/mapping.txt
# compiler: R8
# compiler_version: 2.1.62
# min_api: 19
# pg_map_id: bddb81d
# common_typos_disable
...
com.google.protobuf.Internal -> c.a.c.b0:
    byte[] EMPTY_BYTE_ARRAY -> b
    java.nio.charset.Charset UTF_8 -> a
    java.lang.Object checkNotNull(java.lang.Object) -> a
    java.lang.Object checkNotNull(java.lang.Object,java.lang.String) -> b
    int hashBoolean(boolean) -> c
    int hashCode(byte[]) -> d
    int hashCode(byte[],int,int) -> e
    int hashLong(long) -> f
    boolean isValidUtf8(byte[]) -> g
    java.lang.Object mergeMessage(java.lang.Object,java.lang.Object) -> h
    int partialHash(int,byte[],int,int) -> i
    java.lang.String toStringUtf8(byte[]) -> j
com.google.protobuf.Internal$BooleanList -> c.a.c.b0$a:
com.google.protobuf.Internal$DoubleList -> c.a.c.b0$b:
com.google.protobuf.Internal$EnumLite -> c.a.c.b0$c:
    int getNumber() -> d
com.google.protobuf.Internal$EnumLiteMap -> c.a.c.b0$d:
    com.google.protobuf.Internal$EnumLite findValueByNumber(int) -> a
com.google.protobuf.Internal$EnumVerifier -> c.a.c.b0$e:
    boolean isInRange(int) -> a
com.google.protobuf.Internal$FloatList -> c.a.c.b0$f:
com.google.protobuf.Internal$IntList -> c.a.c.b0$g:
    void addInt(int) -> O
    com.google.protobuf.Internal$IntList mutableCopyWithCapacity(int) -> k
com.google.protobuf.Internal$ListAdapter -> c.a.c.b0$h:
    com.google.protobuf.Internal$ListAdapter$Converter converter -> l
    java.util.List fromList -> k
com.google.protobuf.Internal$ListAdapter$Converter -> c.a.c.b0$h$a:
    java.lang.Object convert(java.lang.Object) -> a
com.google.protobuf.Internal$LongList -> c.a.c.b0$i:
com.google.protobuf.Internal$ProtobufList -> c.a.c.b0$j:
    void makeImmutable() -> C
    boolean isModifiable() -> U
    com.google.protobuf.Internal$ProtobufList mutableCopyWithCapacity(int) -> k
com.google.protobuf.InvalidProtocolBufferException -> c.a.c.c0:
    com.google.protobuf.MessageLite unfinishedMessage -> k
    com.google.protobuf.InvalidProtocolBufferException invalidEndTag() -> a
    com.google.protobuf.InvalidProtocolBufferException invalidTag() -> b
    com.google.protobuf.InvalidProtocolBufferException invalidUtf8() -> c
    com.google.protobuf.InvalidProtocolBufferException$InvalidWireTypeException invalidWireType() -> d
    com.google.protobuf.InvalidProtocolBufferException malformedVarint() -> e
    com.google.protobuf.InvalidProtocolBufferException negativeSize() -> f
    com.google.protobuf.InvalidProtocolBufferException parseFailure() -> g
    com.google.protobuf.InvalidProtocolBufferException recursionLimitExceeded() -> h
    com.google.protobuf.InvalidProtocolBufferException setUnfinishedMessage(com.google.protobuf.MessageLite) -> i
    com.google.protobuf.InvalidProtocolBufferException truncatedMessage() -> j
com.google.protobuf.InvalidProtocolBufferException$InvalidWireTypeException -> c.a.c.c0$a:
com.google.protobuf.JavaType -> c.a.c.d0:
    com.google.protobuf.JavaType INT -> n
    com.google.protobuf.JavaType LONG -> o
    com.google.protobuf.JavaType VOID -> m
    java.lang.Class boxedType -> k
    com.google.protobuf.JavaType BOOLEAN -> r
    com.google.protobuf.JavaType STRING -> s
    com.google.protobuf.JavaType FLOAT -> p
    com.google.protobuf.JavaType DOUBLE -> q
    com.google.protobuf.JavaType[] $VALUES -> w
    com.google.protobuf.JavaType MESSAGE -> v
    com.google.protobuf.JavaType BYTE_STRING -> t
    java.lang.Object defaultDefault -> l
    com.google.protobuf.JavaType ENUM -> u
    java.lang.Class getBoxedType() -> f
com.google.protobuf.LazyField -> c.a.c.e0:
    com.google.protobuf.MessageLite defaultInstance -> e
    com.google.protobuf.MessageLite getValue() -> f
com.google.protobuf.LazyField$1 -> c.a.c.e0$a:
com.google.protobuf.LazyField$LazyEntry -> c.a.c.e0$b:
    java.util.Map$Entry entry -> k
    com.google.protobuf.LazyField getField() -> a
com.google.protobuf.LazyField$LazyIterator -> c.a.c.e0$c:
    java.util.Iterator iterator -> k
    java.util.Map$Entry next() -> c