build/app/outputs/mapping/release/usage.txt
com.wbk.wincoremobile.R$mipmap
com.wbk.wincoremobile.R$animator
com.wbk.wincoremobile.R$color
com.wbk.wincoremobile.R$attr
com.wbk.wincoremobile.R$plurals
com.wbk.wincoremobile.R$id
com.wbk.wincoremobile.R$dimen
com.wbk.wincoremobile.R$styleable
com.wbk.wincoremobile.R$style
com.wbk.wincoremobile.R$bool
com.wbk.wincoremobile.R$drawable
com.wbk.wincoremobile.BuildConfig
com.wbk.wincoremobile.R
com.wbk.wincoremobile.R$anim
com.wbk.wincoremobile.R$integer
com.wbk.wincoremobile.R$interpolator
com.wbk.wincoremobile.R$layout
com.wbk.wincoremobile.R$xml
com.wbk.wincoremobile.R$string
...
de.mintware.barcode_scan.Protos$ScanResult$Builder:
    public int getTypeValue()
    public de.mintware.barcode_scan.Protos$ScanResult$Builder setTypeValue(int)
    public de.mintware.barcode_scan.Protos$ResultType getType()
    public de.mintware.barcode_scan.Protos$ScanResult$Builder clearType()
    public java.lang.String getRawContent()
    public com.google.protobuf.ByteString getRawContentBytes()
    public de.mintware.barcode_scan.Protos$ScanResult$Builder clearRawContent()
    public de.mintware.barcode_scan.Protos$ScanResult$Builder setRawContentBytes(com.google.protobuf.ByteString)
    public int getFormatValue()
    public de.mintware.barcode_scan.Protos$ScanResult$Builder setFormatValue(int)
    public de.mintware.barcode_scan.Protos$BarcodeFormat getFormat()
    public de.mintware.barcode_scan.Protos$ScanResult$Builder clearFormat()
    public java.lang.String getFormatNote()
    public com.google.protobuf.ByteString getFormatNoteBytes()
    public de.mintware.barcode_scan.Protos$ScanResult$Builder clearFormatNote()
    public de.mintware.barcode_scan.Protos$ScanResult$Builder setFormatNoteBytes(com.google.protobuf.ByteString)
androidx.collection.LruCache:
    public void resize(int)
    public final void evictAll()
    public final synchronized int size()
    public final synchronized int maxSize()
    public final synchronized int hitCount()
    public final synchronized int missCount()
    public final synchronized int createCount()
    public final synchronized int putCount()
    public final synchronized int evictionCount()
kotlin.reflect.KMutableProperty2
androidx.customview.R$attr
kotlin.jvm.Strictfp
io.flutter.plugins.firebase.core.R$dimen
com.google.firebase.auth.FederatedAuthProvider:
    public void <init>()
    public abstract void zza(android.app.Activity)
    public abstract void zzb(android.app.Activity)
    public abstract void zzc(android.app.Activity)
androidx.appcompat.widget.ActivityChooserView$5
androidx.lifecycle.ReportFragment:
    static androidx.lifecycle.ReportFragment get(android.app.Activity)
    void setProcessListener(androidx.lifecycle.ReportFragment$ActivityInitializationListener)
    private static final java.lang.String REPORT_FRAGMENT_TAG
com.google.common.collect.MapMakerInternalMap$Segment
com.google.common.collect.MultimapBuilder$MultimapBuilderWithKeys$5
com.google.common.base.Utf8
com.google.common.reflect.Types$1
androidx.browser.trusted.TrustedWebActivityDisplayMode
com.google.common.collect.AbstractBiMap$ValueSet
com.google.common.primitives.ImmutableIntArray
androidx.media.MediaSessionManager$RemoteUserInfoImpl
kotlin.collections.builders.ListBuilderKt
androidx.concurrent.futures.AbstractResolvableFuture$SetFuture
com.google.common.collect.NullsLastOrdering
com.google.android.gms.internal.firebase-auth-api.zzfa:
    static void <clinit>()
    static final synthetic int[] zza
com.google.common.collect.AbstractIterator$1
com.google.common.hash.BloomFilter$Strategy
com.google.common.reflect.MutableTypeToInstanceMap
kotlin.random.XorWowRandom
com.google.common.graph.Traverser$TreeTraverser
com.google.zxing.oned.rss.expanded.decoders.DecodedNumeric:
    int getValue()
    boolean isAnyFNC1()
    static final int FNC1
kotlin.jvm.internal.InlineMarker
androidx.activity.R$drawable
io.flutter.plugin.common.EventChannel:
    private static final java.lang.String TAG
com.google.zxing.client.result.GeoParsedResult
kotlin.comparisons.ComparisonsKt__ComparisonsKt$thenComparator$1
me.dm7.barcodescanner.core.IViewFinder:
    public abstract void setViewFinderOffset(int)
androidx.recyclerview.widget.ListAdapter
com.google.common.collect.Iterables$1
androidx.viewpager2.adapter.FragmentStateAdapter$1
io.flutter.embedding.engine.dart.DartExecutor$DartCallback
kotlin.ParameterName
io.flutter.embedding.engine.FlutterEngineCache:
    public boolean contains(java.lang.String)
    public void clear()
com.google.android.material.datepicker.MaterialPickerOnPositiveButtonClickListener